<?xml version="1.0" encoding="UTF-8"?>
<!-- Generated by org.testng.reporters.JUnitReportReporter -->
<testsuite hostname="DESKTOP-FHPRAFM" failures="0" tests="8" name="TestNG.InvocationCount" time="0.023" errors="0" timestamp="2024-04-07T15:00:09 IST" skipped="0">
  <testcase classname="TestNG.InvocationCount" name="edge" time="0.003"/>
  <system-out/>
  <testcase classname="TestNG.InvocationCount" name="edge" time="0.003"/>
  <system-out/>
  <testcase classname="TestNG.InvocationCount" name="chrome" time="0.008"/>
  <system-out/>
  <testcase classname="TestNG.InvocationCount" name="chrome" time="0.003"/>
  <system-out/>
  <testcase classname="TestNG.InvocationCount" name="edge" time="0.001"/>
  <system-out/>
  <testcase classname="TestNG.InvocationCount" name="edge" time="0.002"/>
  <system-out/>
  <testcase classname="TestNG.InvocationCount" name="edge" time="0.001"/>
  <system-out/>
  <testcase classname="TestNG.InvocationCount" name="firefox" time="0.002"/>
  <system-out/>
</testsuite> <!-- TestNG.InvocationCount -->
