<?xml version="1.0" encoding="UTF-8"?>
<!-- Generated by org.testng.reporters.JUnitReportReporter -->
<testsuite hostname="DESKTOP-FHPRAFM" failures="0" tests="3" name="TestNG.ParallelBrowserTesting" time="65.219" errors="0" timestamp="2024-04-07T15:18:55 IST" skipped="0">
  <testcase classname="TestNG.ParallelBrowserTesting" name="firefox" time="24.924"/>
  <system-out/>
  <testcase classname="TestNG.ParallelBrowserTesting" name="chrome" time="18.609"/>
  <system-out/>
  <testcase classname="TestNG.ParallelBrowserTesting" name="edge" time="21.686"/>
  <system-out/>
</testsuite> <!-- TestNG.ParallelBrowserTesting -->
