<?xml version="1.0" encoding="UTF-8"?>
<!-- Generated by org.testng.reporters.JUnitReportReporter -->
<testsuite hostname="DESKTOP-FHPRAFM" failures="0" tests="3" name="TestNG.IgnoreTest" time="0.014" errors="0" timestamp="2024-04-12T14:34:36 IST" skipped="1">
  <testcase classname="TestNG.IgnoreTest" name="opera" time="0.001"/>
  <system-out/>
  <testcase classname="TestNG.IgnoreTest" name="edge" time="0.013"/>
  <system-out/>
  <testcase classname="TestNG.IgnoreTest" name="firefox">
    <skipped/>
  </testcase> <!-- firefox -->
  <system-out/>
</testsuite> <!-- TestNG.IgnoreTest -->
