<?xml version="1.0" encoding="UTF-8"?>
<!-- Generated by org.testng.reporters.JUnitReportReporter -->
<testsuite hostname="DESKTOP-FHPRAFM" failures="0" tests="3" name="TestNG.TestNG1" time="0.019" errors="0" timestamp="2024-04-06T08:36:37 IST" skipped="0">
  <testcase classname="TestNG.TestNG1" name="deliverTheProduct" time="0.005"/>
  <system-out/>
  <testcase classname="TestNG.TestNG1" name="searchProduct" time="0.003"/>
  <system-out/>
  <testcase classname="TestNG.TestNG1" name="addToCart" time="0.011"/>
  <system-out/>
</testsuite> <!-- TestNG.TestNG1 -->
