<?xml version="1.0" encoding="UTF-8"?>
<!-- Generated by org.testng.reporters.JUnitReportReporter -->
<testsuite hostname="DESKTOP-FHPRAFM" failures="0" tests="3" name="TestNG.CrossBrowserTesting" time="79.228" errors="0" timestamp="2024-04-12T14:36:58 IST" skipped="0">
  <testcase classname="TestNG.CrossBrowserTesting" name="firefox" time="20.963"/>
  <system-out/>
  <testcase classname="TestNG.CrossBrowserTesting" name="edge" time="15.952"/>
  <system-out/>
  <testcase classname="TestNG.CrossBrowserTesting" name="chrome" time="42.313"/>
  <system-out/>
</testsuite> <!-- TestNG.CrossBrowserTesting -->
