<?xml version="1.0" encoding="UTF-8"?>
<!-- Generated by org.testng.reporters.JUnitReportReporter -->
<testsuite hostname="DESKTOP-FHPRAFM" failures="0" tests="4" name="TestNG.PriorityTest" time="0.016" errors="0" timestamp="2024-04-07T14:45:51 IST" skipped="0">
  <testcase classname="TestNG.PriorityTest" name="chrome" time="0.011"/>
  <system-out/>
  <testcase classname="TestNG.PriorityTest" name="edge" time="0.001"/>
  <system-out/>
  <testcase classname="TestNG.PriorityTest" name="opera" time="0.003"/>
  <system-out/>
  <testcase classname="TestNG.PriorityTest" name="firefox" time="0.001"/>
  <system-out/>
</testsuite> <!-- TestNG.PriorityTest -->
